<?xml version="1.0" encoding="UTF-8"?>
<coverage generated="1789925821030" clover="3.2.0">
  <project timestamp="1789925821030" name="All files">
    <metrics statements="61" coveredstatements="39" conditionals="53" coveredconditionals="27" methods="15" coveredmethods="8" elements="129" coveredelements="74" complexity="0" loc="61" ncloc="61" packages="2" files="3" classes="3"/>
    <package name="components">
      <metrics statements="43" coveredstatements="32" conditionals="47" coveredconditionals="27" methods="11" coveredmethods="7"/>
      <file name="StarSVG.vue" path="C:\__develop\vue-rating\src\components\StarSVG.vue">
        <metrics statements="5" coveredstatements="5" conditionals="9" coveredconditionals="7" methods="2" coveredmethods="2"/>
        <line num="5" count="60" type="stmt"/>
        <line num="7" count="60" type="stmt"/>
        <line num="21" count="60" type="stmt"/>
        <line num="23" count="65" type="stmt"/>
        <line num="25" count="60" type="cond" truecount="2" falsecount="0"/>
      </file>
      <file name="rating-input.vue" path="C:\__develop\vue-rating\src\components\rating-input.vue">
        <metrics statements="38" coveredstatements="27" conditionals="38" coveredconditionals="20" methods="9" coveredmethods="5"/>
        <line num="7" count="9" type="stmt"/>
        <line num="9" count="9" type="stmt"/>
        <line num="28" count="9" type="stmt"/>
        <line num="30" count="9" type="stmt"/>
        <line num="32" count="9" type="stmt"/>
        <line num="33" count="9" type="stmt"/>
        <line num="35" count="9" type="stmt"/>
        <line num="36" count="9" type="cond" truecount="1" falsecount="1"/>
        <line num="37" count="9" type="cond" truecount="1" falsecount="1"/>
        <line num="38" count="0" type="stmt"/>
        <line num="39" count="9" type="cond" truecount="4" falsecount="0"/>
        <line num="40" count="1" type="stmt"/>
        <line num="45" count="9" type="stmt"/>
        <line num="46" count="68" type="cond" truecount="1" falsecount="1"/>
        <line num="47" count="0" type="cond" truecount="0" falsecount="2"/>
        <line num="48" count="0" type="cond" truecount="0" falsecount="6"/>
        <line num="50" count="0" type="cond" truecount="0" falsecount="2"/>
        <line num="53" count="68" type="stmt"/>
        <line num="54" count="68" type="stmt"/>
        <line num="57" count="9" type="stmt"/>
        <line num="58" count="0" type="cond" truecount="0" falsecount="2"/>
        <line num="60" count="0" type="stmt"/>
        <line num="62" count="0" type="stmt"/>
        <line num="65" count="9" type="stmt"/>
        <line num="66" count="0" type="stmt"/>
        <line num="67" count="0" type="stmt"/>
        <line num="70" count="9" type="stmt"/>
        <line num="71" count="4" type="cond" truecount="2" falsecount="0"/>
        <line num="73" count="3" type="cond" truecount="1" falsecount="3"/>
        <line num="75" count="4" type="cond" truecount="2" falsecount="0"/>
        <line num="77" count="2" type="stmt"/>
        <line num="79" count="2" type="stmt"/>
        <line num="84" count="11" type="stmt"/>
        <line num="85" count="1" type="stmt"/>
        <line num="89" count="68" type="stmt"/>
        <line num="98" count="0" type="stmt"/>
        <line num="100" count="4" type="stmt"/>
        <line num="114" count="0" type="cond" truecount="2" falsecount="0"/>
      </file>
    </package>
    <package name="composables">
      <metrics statements="18" coveredstatements="7" conditionals="6" coveredconditionals="0" methods="4" coveredmethods="1"/>
      <file name="observeMouse.ts" path="C:\__develop\vue-rating\src\composables\observeMouse.ts">
        <metrics statements="18" coveredstatements="7" conditionals="6" coveredconditionals="0" methods="4" coveredmethods="1"/>
        <line num="4" count="9" type="stmt"/>
        <line num="5" count="9" type="stmt"/>
        <line num="6" count="9" type="stmt"/>
        <line num="8" count="9" type="stmt"/>
        <line num="9" count="0" type="cond" truecount="0" falsecount="2"/>
        <line num="10" count="0" type="stmt"/>
        <line num="13" count="0" type="stmt"/>
        <line num="17" count="9" type="stmt"/>
        <line num="18" count="0" type="cond" truecount="0" falsecount="2"/>
        <line num="19" count="0" type="stmt"/>
        <line num="20" count="0" type="stmt"/>
        <line num="21" count="0" type="stmt"/>
        <line num="25" count="9" type="stmt"/>
        <line num="26" count="0" type="cond" truecount="0" falsecount="2"/>
        <line num="27" count="0" type="stmt"/>
        <line num="28" count="0" type="stmt"/>
        <line num="29" count="0" type="stmt"/>
        <line num="33" count="9" type="stmt"/>
      </file>
    </package>
  </project>
</coverage>
