{"C:\\__develop\\vue-rating\\src\\components\\StarSVG.vue": {"path":"C:\\__develop\\vue-rating\\src\\components\\StarSVG.vue","statementMap":{"0":{"start":{"line":5,"column":10},"end":{"line":5,"column":null}},"1":{"start":{"line":7,"column":18},"end":{"line":7,"column":null}},"2":{"start":{"line":21,"column":10},"end":{"line":21,"column":null}},"3":{"start":{"line":23,"column":10},"end":{"line":23,"column":null}},"4":{"start":{"line":23,"column":37},"end":{"line":23,"column":54}},"5":{"start":{"line":25,"column":10},"end":{"line":25,"column":null}},"6":{"start":{"line":25,"column":43},"end":{"line":25,"column":121}}},"fnMap":{"0":{"name":"(anonymous_0)","decl":{"start":{"line":23,"column":31},"end":{"line":23,"column":37}},"loc":{"start":{"line":23,"column":37},"end":{"line":23,"column":54}},"line":23},"1":{"name":"(anonymous_1)","decl":{"start":{"line":25,"column":43},"end":{"line":25,"column":50}},"loc":{"start":{"line":25,"column":43},"end":{"line":25,"column":121}},"line":25}},"branchMap":{"0":{"loc":{"start":{"line":25,"column":50},"end":{"line":25,"column":120}},"type":"binary-expr","locations":[{"start":{"line":25,"column":50},"end":{"line":25,"column":114}},{"start":{"line":25,"column":114},"end":{"line":25,"column":120}}],"line":25},"1":{"loc":{"start":{"line":35,"column":19},"end":{"line":35,"column":99}},"type":"cond-expr","locations":[{"start":{"line":35,"column":25},"end":{"line":35,"column":99}},{"start":{"line":35,"column":76},"end":{"line":35,"column":99}}],"line":35},"2":{"loc":{"start":{"line":36,"column":19},"end":{"line":36,"column":null}},"type":"cond-expr","locations":[{"start":{"line":36,"column":25},"end":{"line":36,"column":null}},{"start":{"line":36,"column":68},"end":{"line":36,"column":null}}],"line":36},"3":{"loc":{"start":{"line":40,"column":31},"end":{"line":49,"column":375}},"type":"cond-expr","locations":[{"start":{"line":40,"column":31},"end":{"line":49,"column":375}}],"line":40},"4":{"loc":{"start":{"line":53,"column":14},"end":{"line":49,"column":375}},"type":"binary-expr","locations":[{"start":{"line":53,"column":14},"end":{"line":53,"column":null}},{"start":{"line":53,"column":14},"end":{"line":49,"column":375}}],"line":53}},"s":{"0":60,"1":60,"2":60,"3":60,"4":65,"5":60,"6":60},"f":{"0":65,"1":60},"b":{"0":[60,3],"1":[0,65],"2":[65,0],"3":[3],"4":[3,3]},"meta":{"lastBranch":0,"lastFunction":0,"lastStatement":0,"seen":{},"fnNames":{}}}
,"C:\\__develop\\vue-rating\\src\\components\\rating-input.vue": {"path":"C:\\__develop\\vue-rating\\src\\components\\rating-input.vue","statementMap":{"0":{"start":{"line":7,"column":34},"end":{"line":7,"column":null}},"1":{"start":{"line":9,"column":18},"end":{"line":9,"column":null}},"2":{"start":{"line":28,"column":17},"end":{"line":28,"column":null}},"3":{"start":{"line":30,"column":52},"end":{"line":30,"column":null}},"4":{"start":{"line":32,"column":10},"end":{"line":32,"column":null}},"5":{"start":{"line":33,"column":10},"end":{"line":33,"column":null}},"6":{"start":{"line":35,"column":4},"end":{"line":43,"column":null}},"7":{"start":{"line":36,"column":8},"end":{"line":42,"column":null}},"8":{"start":{"line":37,"column":12},"end":{"line":41,"column":null}},"9":{"start":{"line":38,"column":16},"end":{"line":38,"column":null}},"10":{"start":{"line":39,"column":12},"end":{"line":41,"column":null}},"11":{"start":{"line":40,"column":16},"end":{"line":40,"column":null}},"12":{"start":{"line":45,"column":25},"end":{"line":55,"column":null}},"13":{"start":{"line":46,"column":8},"end":{"line":51,"column":null}},"14":{"start":{"line":47,"column":12},"end":{"line":50,"column":null}},"15":{"start":{"line":48,"column":16},"end":{"line":48,"column":null}},"16":{"start":{"line":50,"column":16},"end":{"line":50,"column":null}},"17":{"start":{"line":53,"column":29},"end":{"line":53,"column":null}},"18":{"start":{"line":54,"column":8},"end":{"line":54,"column":null}},"19":{"start":{"line":57,"column":23},"end":{"line":63,"column":null}},"20":{"start":{"line":58,"column":8},"end":{"line":58,"column":null}},"21":{"start":{"line":58,"column":28},"end":{"line":58,"column":null}},"22":{"start":{"line":60,"column":8},"end":{"line":60,"column":null}},"23":{"start":{"line":62,"column":8},"end":{"line":62,"column":null}},"24":{"start":{"line":65,"column":24},"end":{"line":68,"column":null}},"25":{"start":{"line":66,"column":8},"end":{"line":66,"column":null}},"26":{"start":{"line":67,"column":8},"end":{"line":67,"column":null}},"27":{"start":{"line":70,"column":24},"end":{"line":80,"column":null}},"28":{"start":{"line":71,"column":8},"end":{"line":71,"column":null}},"29":{"start":{"line":71,"column":28},"end":{"line":71,"column":null}},"30":{"start":{"line":73,"column":22},"end":{"line":73,"column":null}},"31":{"start":{"line":75,"column":8},"end":{"line":75,"column":null}},"32":{"start":{"line":75,"column":42},"end":{"line":75,"column":null}},"33":{"start":{"line":77,"column":8},"end":{"line":77,"column":null}},"34":{"start":{"line":79,"column":8},"end":{"line":79,"column":null}},"35":{"start":{"line":84,"column":9},"end":{"line":84,"column":null}},"36":{"start":{"line":85,"column":13},"end":{"line":85,"column":null}},"37":{"start":{"line":84,"column":4},"end":{"line":114,"column":54}},"38":{"start":{"line":89,"column":12},"end":{"line":107,"column":null}},"39":{"start":{"line":98,"column":28},"end":{"line":98,"column":null}},"40":{"start":{"line":100,"column":24},"end":{"line":100,"column":null}},"41":{"start":{"line":114,"column":38},"end":{"line":114,"column":54}}},"fnMap":{"0":{"name":"(anonymous_0)","decl":{"start":{"line":35,"column":14},"end":{"line":35,"column":20}},"loc":{"start":{"line":35,"column":20},"end":{"line":43,"column":5}},"line":35},"1":{"name":"(anonymous_1)","decl":{"start":{"line":45,"column":25},"end":{"line":45,"column":26}},"loc":{"start":{"line":45,"column":48},"end":{"line":55,"column":null}},"line":45},"2":{"name":"(anonymous_2)","decl":{"start":{"line":57,"column":23},"end":{"line":57,"column":24}},"loc":{"start":{"line":57,"column":65},"end":{"line":63,"column":null}},"line":57},"3":{"name":"(anonymous_3)","decl":{"start":{"line":65,"column":24},"end":{"line":65,"column":30}},"loc":{"start":{"line":65,"column":30},"end":{"line":68,"column":null}},"line":65},"4":{"name":"(anonymous_4)","decl":{"start":{"line":70,"column":24},"end":{"line":70,"column":25}},"loc":{"start":{"line":70,"column":47},"end":{"line":80,"column":null}},"line":70},"5":{"name":"(anonymous_5)","decl":{"start":{"line":90,"column":51},"end":{"line":90,"column":null}},"loc":{"start":{"line":90,"column":28},"end":{"line":107,"column":null}},"line":90},"6":{"name":"(anonymous_6)","decl":{"start":{"line":98,"column":26},"end":{"line":98,"column":28}},"loc":{"start":{"line":98,"column":28},"end":{"line":98,"column":null}},"line":98},"7":{"name":"(anonymous_7)","decl":{"start":{"line":100,"column":22},"end":{"line":100,"column":24}},"loc":{"start":{"line":100,"column":24},"end":{"line":100,"column":null}},"line":100},"8":{"name":"(anonymous_8)","decl":{"start":{"line":114,"column":20},"end":{"line":114,"column":38}},"loc":{"start":{"line":114,"column":38},"end":{"line":114,"column":54}},"line":114}},"branchMap":{"0":{"loc":{"start":{"line":36,"column":8},"end":{"line":42,"column":null}},"type":"if","locations":[{"start":{"line":36,"column":8},"end":{"line":42,"column":null}},{"start":{},"end":{}}],"line":36},"1":{"loc":{"start":{"line":37,"column":12},"end":{"line":41,"column":null}},"type":"if","locations":[{"start":{"line":37,"column":12},"end":{"line":41,"column":null}},{"start":{"line":39,"column":12},"end":{"line":41,"column":null}}],"line":37},"2":{"loc":{"start":{"line":39,"column":12},"end":{"line":41,"column":null}},"type":"if","locations":[{"start":{"line":39,"column":12},"end":{"line":41,"column":null}},{"start":{},"end":{}}],"line":39},"3":{"loc":{"start":{"line":39,"column":23},"end":{"line":39,"column":123}},"type":"binary-expr","locations":[{"start":{"line":39,"column":23},"end":{"line":39,"column":74}},{"start":{"line":39,"column":74},"end":{"line":39,"column":123}}],"line":39},"4":{"loc":{"start":{"line":46,"column":8},"end":{"line":51,"column":null}},"type":"if","locations":[{"start":{"line":46,"column":8},"end":{"line":51,"column":null}},{"start":{},"end":{}}],"line":46},"5":{"loc":{"start":{"line":47,"column":12},"end":{"line":50,"column":null}},"type":"if","locations":[{"start":{"line":47,"column":12},"end":{"line":50,"column":null}},{"start":{"line":50,"column":16},"end":{"line":50,"column":null}}],"line":47},"6":{"loc":{"start":{"line":48,"column":23},"end":{"line":48,"column":null}},"type":"cond-expr","locations":[{"start":{"line":48,"column":57},"end":{"line":48,"column":132}},{"start":{"line":48,"column":132},"end":{"line":48,"column":null}}],"line":48},"7":{"loc":{"start":{"line":48,"column":57},"end":{"line":48,"column":132}},"type":"cond-expr","locations":[{"start":{"line":48,"column":91},"end":{"line":48,"column":126}},{"start":{"line":48,"column":126},"end":{"line":48,"column":132}}],"line":48},"8":{"loc":{"start":{"line":48,"column":91},"end":{"line":48,"column":126}},"type":"cond-expr","locations":[{"start":{"line":48,"column":115},"end":{"line":48,"column":121}},{"start":{"line":48,"column":121},"end":{"line":48,"column":126}}],"line":48},"9":{"loc":{"start":{"line":50,"column":23},"end":{"line":50,"column":null}},"type":"cond-expr","locations":[{"start":{"line":50,"column":56},"end":{"line":50,"column":60}},{"start":{"line":50,"column":60},"end":{"line":50,"column":null}}],"line":50},"10":{"loc":{"start":{"line":58,"column":8},"end":{"line":58,"column":null}},"type":"if","locations":[{"start":{"line":58,"column":8},"end":{"line":58,"column":null}},{"start":{},"end":{}}],"line":58},"11":{"loc":{"start":{"line":71,"column":8},"end":{"line":71,"column":null}},"type":"if","locations":[{"start":{"line":71,"column":8},"end":{"line":71,"column":null}},{"start":{},"end":{}}],"line":71},"12":{"loc":{"start":{"line":73,"column":22},"end":{"line":73,"column":null}},"type":"cond-expr","locations":[{"start":{"line":73,"column":46},"end":{"line":73,"column":94}},{"start":{"line":73,"column":94},"end":{"line":73,"column":null}}],"line":73},"13":{"loc":{"start":{"line":73,"column":59},"end":{"line":73,"column":94}},"type":"cond-expr","locations":[{"start":{"line":73,"column":83},"end":{"line":73,"column":89}},{"start":{"line":73,"column":89},"end":{"line":73,"column":94}}],"line":73},"14":{"loc":{"start":{"line":75,"column":8},"end":{"line":75,"column":null}},"type":"if","locations":[{"start":{"line":75,"column":8},"end":{"line":75,"column":null}},{"start":{},"end":{}}],"line":75},"15":{"loc":{"start":{"line":86,"column":23},"end":{"line":87,"column":null}},"type":"cond-expr","locations":[{"start":{"line":86,"column":30},"end":{"line":87,"column":null}},{"start":{"line":87,"column":43},"end":{"line":87,"column":null}}],"line":86},"16":{"loc":{"start":{"line":92,"column":87},"end":{"line":92,"column":null}},"type":"binary-expr","locations":[{"start":{"line":92,"column":87},"end":{"line":92,"column":101}},{"start":{"line":92,"column":101},"end":{"line":92,"column":null}}],"line":92},"17":{"loc":{"start":{"line":110,"column":23},"end":{"line":111,"column":null}},"type":"cond-expr","locations":[{"start":{"line":110,"column":30},"end":{"line":111,"column":null}},{"start":{"line":111,"column":42},"end":{"line":111,"column":null}}],"line":110},"18":{"loc":{"start":{"line":114,"column":20},"end":{"line":114,"column":54}},"type":"binary-expr","locations":[{"start":{"line":114,"column":20},"end":{"line":114,"column":38}},{"start":{"line":114,"column":20},"end":{"line":114,"column":54}}],"line":114}},"s":{"0":9,"1":9,"2":9,"3":9,"4":9,"5":9,"6":9,"7":9,"8":9,"9":0,"10":9,"11":1,"12":9,"13":68,"14":0,"15":0,"16":0,"17":68,"18":68,"19":9,"20":0,"21":0,"22":0,"23":0,"24":9,"25":0,"26":0,"27":9,"28":4,"29":1,"30":3,"31":4,"32":1,"33":2,"34":2,"35":1,"36":1,"37":11,"38":68,"39":0,"40":4,"41":0},"f":{"0":9,"1":68,"2":0,"3":0,"4":4,"5":68,"6":0,"7":4,"8":0},"b":{"0":[9,0],"1":[0,9],"2":[1,8],"3":[9,9],"4":[0,68],"5":[0,0],"6":[0,0],"7":[0,0],"8":[0,0],"9":[0,0],"10":[0,0],"11":[1,3],"12":[0,3],"13":[0,0],"14":[1,3],"15":[1,10],"16":[68,5],"17":[1,10],"18":[11,9]},"meta":{"lastBranch":0,"lastFunction":0,"lastStatement":0,"seen":{},"fnNames":{}}}
,"C:\\__develop\\vue-rating\\src\\composables\\observeMouse.ts": {"path":"C:\\__develop\\vue-rating\\src\\composables\\observeMouse.ts","statementMap":{"0":{"start":{"line":4,"column":8},"end":{"line":4,"column":null}},"1":{"start":{"line":5,"column":8},"end":{"line":5,"column":null}},"2":{"start":{"line":6,"column":8},"end":{"line":6,"column":null}},"3":{"start":{"line":8,"column":18},"end":{"line":15,"column":null}},"4":{"start":{"line":9,"column":4},"end":{"line":14,"column":null}},"5":{"start":{"line":10,"column":6},"end":{"line":11,"column":null}},"6":{"start":{"line":13,"column":6},"end":{"line":13,"column":null}},"7":{"start":{"line":17,"column":23},"end":{"line":23,"column":null}},"8":{"start":{"line":18,"column":4},"end":{"line":22,"column":null}},"9":{"start":{"line":19,"column":6},"end":{"line":19,"column":null}},"10":{"start":{"line":20,"column":6},"end":{"line":20,"column":null}},"11":{"start":{"line":21,"column":6},"end":{"line":21,"column":null}},"12":{"start":{"line":25,"column":21},"end":{"line":31,"column":null}},"13":{"start":{"line":26,"column":4},"end":{"line":30,"column":null}},"14":{"start":{"line":27,"column":6},"end":{"line":27,"column":null}},"15":{"start":{"line":28,"column":6},"end":{"line":28,"column":null}},"16":{"start":{"line":29,"column":6},"end":{"line":29,"column":null}},"17":{"start":{"line":33,"column":2},"end":{"line":33,"column":null}}},"fnMap":{"0":{"name":"useObserveMouse","decl":{"start":{"line":3,"column":16},"end":{"line":3,"column":34}},"loc":{"start":{"line":3,"column":34},"end":{"line":34,"column":null}},"line":3},"1":{"name":"(anonymous_1)","decl":{"start":{"line":8,"column":18},"end":{"line":8,"column":19}},"loc":{"start":{"line":8,"column":41},"end":{"line":15,"column":null}},"line":8},"2":{"name":"(anonymous_2)","decl":{"start":{"line":17,"column":23},"end":{"line":17,"column":24}},"loc":{"start":{"line":17,"column":49},"end":{"line":23,"column":null}},"line":17},"3":{"name":"(anonymous_3)","decl":{"start":{"line":25,"column":21},"end":{"line":25,"column":27}},"loc":{"start":{"line":25,"column":27},"end":{"line":31,"column":null}},"line":25}},"branchMap":{"0":{"loc":{"start":{"line":9,"column":4},"end":{"line":14,"column":null}},"type":"if","locations":[{"start":{"line":9,"column":4},"end":{"line":14,"column":null}},{"start":{"line":12,"column":11},"end":{"line":14,"column":null}}],"line":9},"1":{"loc":{"start":{"line":18,"column":4},"end":{"line":22,"column":null}},"type":"if","locations":[{"start":{"line":18,"column":4},"end":{"line":22,"column":null}},{"start":{},"end":{}}],"line":18},"2":{"loc":{"start":{"line":26,"column":4},"end":{"line":30,"column":null}},"type":"if","locations":[{"start":{"line":26,"column":4},"end":{"line":30,"column":null}},{"start":{},"end":{}}],"line":26}},"s":{"0":9,"1":9,"2":9,"3":9,"4":0,"5":0,"6":0,"7":9,"8":0,"9":0,"10":0,"11":0,"12":9,"13":0,"14":0,"15":0,"16":0,"17":9},"f":{"0":9,"1":0,"2":0,"3":0},"b":{"0":[0,0],"1":[0,0],"2":[0,0]},"meta":{"lastBranch":3,"lastFunction":4,"lastStatement":18,"seen":{"f:3:16:3:34":0,"s:4:8:4:Infinity":0,"s:5:8:5:Infinity":1,"s:6:8:6:Infinity":2,"s:8:18:15:Infinity":3,"f:8:18:8:19":1,"b:9:4:14:Infinity:12:11:14:Infinity":0,"s:9:4:14:Infinity":4,"s:10:6:11:Infinity":5,"s:13:6:13:Infinity":6,"s:17:23:23:Infinity":7,"f:17:23:17:24":2,"b:18:4:22:Infinity:undefined:undefined:undefined:undefined":1,"s:18:4:22:Infinity":8,"s:19:6:19:Infinity":9,"s:20:6:20:Infinity":10,"s:21:6:21:Infinity":11,"s:25:21:31:Infinity":12,"f:25:21:25:27":3,"b:26:4:30:Infinity:undefined:undefined:undefined:undefined":2,"s:26:4:30:Infinity":13,"s:27:6:27:Infinity":14,"s:28:6:28:Infinity":15,"s:29:6:29:Infinity":16,"s:33:2:33:Infinity":17},"fnNames":{}}}
}
